mode: atomic
netcheck/internal/compare/compare.go:26.46,29.16 3 1
netcheck/internal/compare/compare.go:29.16,31.3 1 0
netcheck/internal/compare/compare.go:32.2,33.15 2 1
netcheck/internal/compare/compare.go:36.45,38.34 2 2
netcheck/internal/compare/compare.go:38.34,40.3 1 1
netcheck/internal/compare/compare.go:41.2,42.33 2 2
netcheck/internal/compare/compare.go:42.33,45.3 2 1
netcheck/internal/compare/compare.go:46.2,46.40 1 2
netcheck/internal/compare/compare.go:46.40,46.76 1 0
netcheck/internal/compare/compare.go:47.2,47.79 1 2
netcheck/internal/compare/compare.go:50.44,52.16 2 1
netcheck/internal/compare/compare.go:52.16,54.3 1 0
netcheck/internal/compare/compare.go:55.2,58.29 4 1
netcheck/internal/compare/compare.go:58.29,60.3 1 0
netcheck/internal/compare/compare.go:61.2,62.19 2 1
netcheck/internal/config/config.go:63.24,87.2 15 2
netcheck/internal/config/config.go:89.40,94.2 4 0
netcheck/internal/config/config.go:96.40,98.16 2 2
netcheck/internal/config/config.go:98.16,100.3 1 0
netcheck/internal/config/config.go:101.2,102.16 2 2
netcheck/internal/config/config.go:102.16,104.3 1 0
netcheck/internal/config/config.go:105.2,107.13 3 2
netcheck/internal/config/config.go:108.15,109.52 1 0
netcheck/internal/config/config.go:109.52,111.4 1 0
netcheck/internal/config/config.go:112.10,114.17 2 2
netcheck/internal/config/config.go:114.17,116.4 1 0
netcheck/internal/config/config.go:118.2,118.47 1 2
netcheck/internal/config/config.go:118.47,120.3 1 0
netcheck/internal/config/config.go:121.2,121.27 1 2
netcheck/internal/config/config.go:124.31,125.30 1 2
netcheck/internal/config/config.go:125.30,127.3 1 0
netcheck/internal/config/config.go:128.2,128.65 1 2
netcheck/internal/config/config.go:128.65,129.123 1 2
netcheck/internal/config/config.go:129.123,131.4 1 1
netcheck/internal/config/config.go:133.2,133.69 1 1
netcheck/internal/config/config.go:133.69,135.3 1 0
netcheck/internal/config/config.go:136.2,136.12 1 1
netcheck/internal/config/config.go:139.52,146.2 6 2
netcheck/internal/config/config.go:148.56,149.24 1 8
netcheck/internal/config/config.go:149.24,150.39 1 13
netcheck/internal/config/config.go:150.39,152.11 2 6
netcheck/internal/config/config.go:152.11,155.5 2 0
netcheck/internal/config/config.go:156.4,157.12 2 6
netcheck/internal/config/config.go:159.3,159.13 1 7
netcheck/internal/config/config.go:164.58,173.16 5 2
netcheck/internal/config/config.go:173.16,176.49 3 15
netcheck/internal/config/config.go:176.49,177.12 1 2
netcheck/internal/config/config.go:179.3,180.62 2 13
netcheck/internal/config/config.go:180.62,182.4 1 3
netcheck/internal/config/config.go:183.3,184.36 2 13
netcheck/internal/config/config.go:184.36,186.4 1 0
netcheck/internal/config/config.go:187.3,188.22 2 13
netcheck/internal/config/config.go:188.22,190.4 1 0
netcheck/internal/config/config.go:191.3,193.16 3 13
netcheck/internal/config/config.go:193.16,197.12 4 6
netcheck/internal/config/config.go:199.3,199.65 1 7
netcheck/internal/config/config.go:199.65,202.29 3 2
netcheck/internal/config/config.go:202.29,204.16 2 3
netcheck/internal/config/config.go:204.16,205.14 1 0
netcheck/internal/config/config.go:207.5,207.25 1 3
netcheck/internal/config/config.go:209.4,210.12 2 2
netcheck/internal/config/config.go:212.3,212.45 1 5
netcheck/internal/config/config.go:212.45,214.4 1 5
netcheck/internal/config/config.go:214.9,216.4 1 0
netcheck/internal/config/config.go:218.2,218.33 1 2
netcheck/internal/config/config.go:218.33,220.3 1 0
netcheck/internal/config/config.go:221.2,221.18 1 2
netcheck/internal/config/config.go:224.41,226.17 2 5
netcheck/internal/config/config.go:226.17,228.3 1 2
netcheck/internal/config/config.go:229.2,229.18 1 3
netcheck/internal/config/config.go:229.18,231.3 1 0
netcheck/internal/config/config.go:232.2,232.43 1 3
netcheck/internal/config/config.go:232.43,234.3 1 1
netcheck/internal/config/config.go:235.2,235.53 1 2
netcheck/internal/config/config.go:235.53,237.3 1 0
netcheck/internal/config/config.go:238.2,238.13 1 2
netcheck/internal/config/config.go:238.13,240.3 1 2
netcheck/internal/config/config.go:241.2,241.40 1 0
netcheck/internal/exitcode/exitcode.go:13.56,14.16 1 3
netcheck/internal/exitcode/exitcode.go:14.16,16.3 1 1
netcheck/internal/exitcode/exitcode.go:17.2,17.30 1 2
netcheck/internal/exitcode/exitcode.go:17.30,19.3 1 1
netcheck/internal/exitcode/exitcode.go:20.2,20.11 1 1
netcheck/internal/model/model.go:68.38,70.16 2 4
netcheck/internal/model/model.go:71.18,72.11 1 1
netcheck/internal/model/model.go:73.18,74.11 1 1
netcheck/internal/model/model.go:75.18,76.11 1 1
netcheck/internal/model/model.go:77.18,78.11 1 1
netcheck/internal/checks/bandwidth.go:19.38,19.70 1 0
netcheck/internal/checks/bandwidth.go:20.38,20.60 1 0
netcheck/internal/checks/bandwidth.go:21.38,21.66 1 0
netcheck/internal/checks/bandwidth.go:22.38,22.60 1 0
netcheck/internal/checks/bandwidth.go:24.120,26.38 2 2
netcheck/internal/checks/bandwidth.go:26.38,28.3 1 0
netcheck/internal/checks/bandwidth.go:29.2,29.56 1 2
netcheck/internal/checks/bandwidth.go:29.56,31.3 1 0
netcheck/internal/checks/bandwidth.go:32.2,33.44 2 2
netcheck/internal/checks/bandwidth.go:33.44,35.3 1 0
netcheck/internal/checks/bandwidth.go:36.2,37.40 2 2
netcheck/internal/checks/bandwidth.go:37.40,39.3 1 0
netcheck/internal/checks/bandwidth.go:40.2,41.65 2 2
netcheck/internal/checks/bandwidth.go:41.65,43.3 1 1
netcheck/internal/checks/bandwidth.go:44.2,47.39 4 1
netcheck/internal/checks/bandwidth.go:47.39,50.3 2 1
netcheck/internal/checks/bandwidth.go:51.2,51.67 1 1
netcheck/internal/checks/bandwidth.go:51.67,54.3 2 0
netcheck/internal/checks/bandwidth.go:55.2,55.217 1 1
netcheck/internal/checks/bandwidth.go:58.116,60.34 2 3
netcheck/internal/checks/bandwidth.go:60.34,62.3 1 0
netcheck/internal/checks/bandwidth.go:63.2,63.38 1 3
netcheck/internal/checks/bandwidth.go:63.38,65.3 1 1
netcheck/internal/checks/bandwidth.go:66.2,66.49 1 2
netcheck/internal/checks/bandwidth.go:66.49,68.3 1 0
netcheck/internal/checks/bandwidth.go:69.2,71.40 3 2
netcheck/internal/checks/bandwidth.go:71.40,72.54 1 1
netcheck/internal/checks/bandwidth.go:72.54,74.4 1 1
netcheck/internal/checks/bandwidth.go:75.3,75.202 1 0
netcheck/internal/checks/bandwidth.go:77.2,79.39 3 1
netcheck/internal/checks/bandwidth.go:79.39,81.3 1 1
netcheck/internal/checks/bandwidth.go:82.2,82.232 1 1
netcheck/internal/checks/bandwidth.go:85.28,87.9 2 2
netcheck/internal/checks/bandwidth.go:87.9,89.3 1 0
netcheck/internal/checks/bandwidth.go:90.2,90.22 1 2
netcheck/internal/checks/bandwidth.go:93.41,96.13 3 1
netcheck/internal/checks/bandwidth.go:96.13,98.3 1 0
netcheck/internal/checks/bandwidth.go:99.2,102.13 4 1
netcheck/internal/checks/bandwidth.go:102.13,104.3 1 0
netcheck/internal/checks/bandwidth.go:105.2,107.22 3 1
netcheck/internal/checks/bandwidth.go:110.53,117.2 2 1
netcheck/internal/checks/bufferbloat.go:14.42,14.78 1 1
netcheck/internal/checks/bufferbloat.go:15.42,15.66 1 1
netcheck/internal/checks/bufferbloat.go:17.124,19.47 2 1
netcheck/internal/checks/bufferbloat.go:19.47,21.3 1 0
netcheck/internal/checks/bufferbloat.go:22.2,25.69 3 1
netcheck/internal/checks/bufferbloat.go:25.69,27.3 1 0
netcheck/internal/checks/bufferbloat.go:27.8,27.44 1 1
netcheck/internal/checks/bufferbloat.go:27.44,29.3 1 1
netcheck/internal/checks/bufferbloat.go:30.2,34.244 5 1
netcheck/internal/checks/common.go:9.122,11.12 2 16
netcheck/internal/checks/common.go:11.12,13.3 1 0
netcheck/internal/checks/common.go:14.2,16.35 3 16
netcheck/internal/checks/dns.go:18.31,19.22 1 2
netcheck/internal/checks/dns.go:19.22,21.3 1 1
netcheck/internal/checks/dns.go:22.2,22.45 1 1
netcheck/internal/checks/dns.go:24.34,24.50 1 2
netcheck/internal/checks/dns.go:26.116,28.46 2 2
netcheck/internal/checks/dns.go:28.46,30.3 1 1
netcheck/internal/checks/dns.go:31.2,33.22 3 1
netcheck/internal/checks/dns.go:33.22,36.3 2 1
netcheck/internal/checks/dns.go:37.2,38.40 2 1
netcheck/internal/checks/dns.go:38.40,40.3 1 0
netcheck/internal/checks/dns.go:41.2,43.13 3 1
netcheck/internal/checks/dns.go:43.13,45.3 1 0
netcheck/internal/checks/dns.go:46.2,46.241 1 1
netcheck/internal/checks/http.go:17.35,17.61 1 1
netcheck/internal/checks/http.go:18.35,18.52 1 1
netcheck/internal/checks/http.go:20.117,22.47 2 1
netcheck/internal/checks/http.go:22.47,24.3 1 1
netcheck/internal/checks/http.go:25.2,30.50 6 0
netcheck/internal/checks/http.go:30.50,31.45 1 0
netcheck/internal/checks/http.go:31.45,33.36 2 0
netcheck/internal/checks/http.go:33.36,35.5 1 0
netcheck/internal/checks/http.go:36.4,37.25 2 0
netcheck/internal/checks/http.go:37.25,38.59 1 0
netcheck/internal/checks/http.go:38.59,40.45 2 0
netcheck/internal/checks/http.go:40.45,42.7 1 0
netcheck/internal/checks/http.go:43.6,43.43 1 0
netcheck/internal/checks/http.go:43.43,45.7 1 0
netcheck/internal/checks/http.go:50.2,50.198 1 0
netcheck/internal/checks/local.go:15.34,15.60 1 0
netcheck/internal/checks/local.go:16.34,16.52 1 0
netcheck/internal/checks/local.go:18.116,20.50 2 2
netcheck/internal/checks/local.go:20.50,22.3 1 0
netcheck/internal/checks/local.go:23.2,24.20 2 2
netcheck/internal/checks/local.go:24.20,26.3 1 0
netcheck/internal/checks/local.go:27.2,28.55 2 2
netcheck/internal/checks/local.go:28.55,29.60 1 3
netcheck/internal/checks/local.go:29.60,31.23 2 1
netcheck/internal/checks/local.go:31.23,33.10 2 1
netcheck/internal/checks/local.go:37.2,37.14 1 2
netcheck/internal/checks/local.go:37.14,39.3 1 1
netcheck/internal/checks/local.go:40.2,44.51 5 1
netcheck/internal/checks/local.go:44.51,49.27 5 1
netcheck/internal/checks/local.go:49.27,51.46 2 4
netcheck/internal/checks/local.go:51.46,53.5 1 1
netcheck/internal/checks/local.go:54.4,54.74 1 4
netcheck/internal/checks/local.go:54.74,56.5 1 1
netcheck/internal/checks/local.go:58.3,59.38 2 1
netcheck/internal/checks/local.go:61.2,61.173 1 1
netcheck/internal/checks/parsers.go:19.64,20.63 1 5
netcheck/internal/checks/parsers.go:20.63,22.3 1 5
netcheck/internal/checks/parsers.go:23.2,23.56 1 5
netcheck/internal/checks/parsers.go:23.56,26.3 2 5
netcheck/internal/checks/parsers.go:27.2,28.22 2 5
netcheck/internal/checks/parsers.go:28.22,30.3 1 2
netcheck/internal/checks/parsers.go:30.8,32.3 1 3
netcheck/internal/checks/parsers.go:33.2,33.8 1 5
netcheck/internal/checks/parsers.go:36.52,39.28 3 5
netcheck/internal/checks/parsers.go:39.28,40.17 1 7
netcheck/internal/checks/parsers.go:40.17,41.12 1 0
netcheck/internal/checks/parsers.go:43.3,44.17 2 7
netcheck/internal/checks/parsers.go:44.17,45.12 1 0
netcheck/internal/checks/parsers.go:47.3,47.23 1 7
netcheck/internal/checks/parsers.go:49.2,49.12 1 5
netcheck/internal/checks/parsers.go:52.54,53.22 1 2
netcheck/internal/checks/parsers.go:53.22,55.3 1 0
netcheck/internal/checks/parsers.go:56.2,58.12 3 2
netcheck/internal/checks/parsers.go:58.12,60.3 1 0
netcheck/internal/checks/parsers.go:61.2,61.14 1 2
netcheck/internal/checks/parsers.go:61.14,63.3 1 0
netcheck/internal/checks/parsers.go:64.2,65.14 2 2
netcheck/internal/checks/parsers.go:65.14,67.3 1 0
netcheck/internal/checks/parsers.go:68.2,68.20 1 2
netcheck/internal/checks/parsers.go:68.20,70.3 1 0
netcheck/internal/checks/parsers.go:71.2,71.19 1 2
netcheck/internal/checks/parsers.go:74.77,77.29 3 2
netcheck/internal/checks/parsers.go:77.29,79.17 2 5
netcheck/internal/checks/parsers.go:79.17,80.12 1 0
netcheck/internal/checks/parsers.go:82.3,83.18 2 5
netcheck/internal/checks/parsers.go:83.18,85.18 2 5
netcheck/internal/checks/parsers.go:85.18,87.5 1 5
netcheck/internal/checks/parsers.go:90.2,91.18 2 2
netcheck/internal/checks/parsers.go:91.18,93.3 1 2
netcheck/internal/checks/parsers.go:94.2,94.8 1 2
netcheck/internal/checks/parsers.go:97.76,99.29 2 2
netcheck/internal/checks/parsers.go:99.29,101.59 2 6
netcheck/internal/checks/parsers.go:101.59,102.12 1 3
netcheck/internal/checks/parsers.go:104.3,105.22 2 3
netcheck/internal/checks/parsers.go:105.22,106.53 1 3
netcheck/internal/checks/parsers.go:106.53,108.38 2 3
netcheck/internal/checks/parsers.go:108.38,110.6 1 1
netcheck/internal/checks/parsers.go:114.2,114.8 1 2
netcheck/internal/checks/parsers.go:117.40,118.58 1 2
netcheck/internal/checks/parsers.go:118.58,121.3 2 2
netcheck/internal/checks/parsers.go:122.2,122.10 1 0
netcheck/internal/checks/parsers.go:125.57,128.26 3 1
netcheck/internal/checks/parsers.go:128.26,130.19 2 5
netcheck/internal/checks/parsers.go:130.19,131.12 1 0
netcheck/internal/checks/parsers.go:133.3,134.17 2 5
netcheck/internal/checks/parsers.go:134.17,135.12 1 0
netcheck/internal/checks/parsers.go:137.3,137.24 1 5
netcheck/internal/checks/parsers.go:139.2,139.12 1 1
netcheck/internal/checks/path.go:13.35,13.64 1 3
netcheck/internal/checks/path.go:14.35,14.52 1 3
netcheck/internal/checks/path.go:16.117,18.46 2 3
netcheck/internal/checks/path.go:18.46,19.56 1 2
netcheck/internal/checks/path.go:19.56,21.4 1 1
netcheck/internal/checks/path.go:22.3,23.41 2 1
netcheck/internal/checks/path.go:23.41,25.4 1 0
netcheck/internal/checks/path.go:26.3,28.22 3 1
netcheck/internal/checks/path.go:28.22,30.4 1 0
netcheck/internal/checks/path.go:31.3,40.4 1 1
netcheck/internal/checks/path.go:42.2,43.40 2 1
netcheck/internal/checks/path.go:43.40,45.3 1 0
netcheck/internal/checks/path.go:46.2,48.23 3 1
netcheck/internal/checks/path.go:48.23,50.3 1 1
netcheck/internal/checks/path.go:50.8,50.32 1 0
netcheck/internal/checks/path.go:50.32,52.3 1 0
netcheck/internal/checks/path.go:53.2,62.3 1 1
netcheck/internal/checks/reachability.go:15.43,15.80 1 2
netcheck/internal/checks/reachability.go:16.43,16.68 1 2
netcheck/internal/checks/reachability.go:18.125,20.47 2 2
netcheck/internal/checks/reachability.go:20.47,22.3 1 0
netcheck/internal/checks/reachability.go:23.2,24.40 2 2
netcheck/internal/checks/reachability.go:24.40,26.3 1 1
netcheck/internal/checks/reachability.go:27.2,29.32 3 1
netcheck/internal/checks/reachability.go:29.32,31.3 1 1
netcheck/internal/checks/reachability.go:32.2,32.32 1 1
netcheck/internal/checks/reachability.go:32.32,34.3 1 0
netcheck/internal/checks/reachability.go:35.2,35.281 1 1
netcheck/internal/checks/reachability.go:38.33,39.13 1 4
netcheck/internal/checks/reachability.go:39.13,41.3 1 4
netcheck/internal/checks/reachability.go:42.2,42.37 1 0
netcheck/internal/eval/eval.go:10.66,11.22 1 3
netcheck/internal/eval/eval.go:11.22,13.3 1 1
netcheck/internal/eval/eval.go:14.2,14.22 1 2
netcheck/internal/eval/eval.go:14.22,16.3 1 1
netcheck/internal/eval/eval.go:17.2,17.25 1 1
netcheck/internal/eval/eval.go:20.66,21.21 1 0
netcheck/internal/eval/eval.go:21.21,23.3 1 0
netcheck/internal/eval/eval.go:24.2,24.22 1 0
netcheck/internal/eval/eval.go:24.22,26.3 1 0
netcheck/internal/eval/eval.go:27.2,27.25 1 0
netcheck/internal/eval/eval.go:30.44,31.22 1 2
netcheck/internal/eval/eval.go:31.22,33.3 1 0
netcheck/internal/eval/eval.go:34.2,42.27 3 2
netcheck/internal/eval/eval.go:42.27,44.16 2 8
netcheck/internal/eval/eval.go:44.16,45.12 1 0
netcheck/internal/eval/eval.go:47.3,47.67 1 8
netcheck/internal/eval/eval.go:49.2,51.37 3 2
netcheck/internal/eval/eval.go:51.37,53.33 2 8
netcheck/internal/eval/eval.go:53.33,54.12 1 0
netcheck/internal/eval/eval.go:56.3,57.29 2 8
netcheck/internal/eval/eval.go:57.29,59.4 1 8
netcheck/internal/eval/eval.go:60.3,61.19 2 8
netcheck/internal/eval/eval.go:63.2,63.22 1 2
netcheck/internal/eval/eval.go:63.22,65.3 1 0
netcheck/internal/eval/eval.go:66.2,67.11 2 2
netcheck/internal/eval/eval.go:67.11,69.3 1 0
netcheck/internal/eval/eval.go:70.2,70.13 1 2
netcheck/internal/eval/eval.go:70.13,72.3 1 0
netcheck/internal/eval/eval.go:73.2,73.10 1 2
netcheck/internal/eval/eval.go:76.44,77.11 1 8
netcheck/internal/eval/eval.go:78.24,79.11 1 4
netcheck/internal/eval/eval.go:80.24,81.13 1 2
netcheck/internal/eval/eval.go:82.24,83.13 1 0
netcheck/internal/eval/eval.go:84.10,85.11 1 2
netcheck/internal/eval/eval.go:89.44,90.15 1 8
netcheck/internal/eval/eval.go:91.39,92.23 1 2
netcheck/internal/eval/eval.go:93.21,94.19 1 1
netcheck/internal/eval/eval.go:95.13,96.15 1 2
netcheck/internal/eval/eval.go:97.14,98.16 1 2
netcheck/internal/eval/eval.go:99.19,100.22 1 1
netcheck/internal/eval/eval.go:101.10,102.12 1 0
netcheck/internal/docs/docs.go:25.24,27.24 2 0
netcheck/internal/docs/docs.go:27.24,29.3 1 0
netcheck/internal/docs/docs.go:30.2,31.12 2 0
netcheck/internal/docs/docs.go:34.40,36.17 2 2
netcheck/internal/docs/docs.go:36.17,38.3 1 0
netcheck/internal/docs/docs.go:39.2,40.9 2 2
netcheck/internal/docs/docs.go:40.9,42.3 1 1
netcheck/internal/docs/docs.go:43.2,44.16 2 1
netcheck/internal/docs/docs.go:44.16,46.3 1 0
netcheck/internal/docs/docs.go:47.2,47.23 1 1
netcheck/internal/docs/docs.go:50.31,51.48 1 1
netcheck/internal/docs/docs.go:51.48,53.3 1 0
netcheck/internal/docs/docs.go:54.2,54.34 1 1
netcheck/internal/docs/docs.go:54.34,56.17 2 7
netcheck/internal/docs/docs.go:56.17,58.4 1 0
netcheck/internal/docs/docs.go:59.3,59.93 1 7
netcheck/internal/docs/docs.go:59.93,61.4 1 0
netcheck/internal/docs/docs.go:62.3,63.103 2 7
netcheck/internal/docs/docs.go:63.103,65.4 1 0
netcheck/internal/docs/docs.go:67.2,67.12 1 1
netcheck/internal/docs/docs.go:70.46,72.2 1 7
netcheck/internal/events/events.go:23.37,24.45 1 2
netcheck/internal/events/events.go:24.45,24.72 1 0
netcheck/internal/events/events.go:27.79,31.16 4 3
netcheck/internal/events/events.go:31.16,33.3 1 0
netcheck/internal/events/events.go:34.2,35.12 2 3
netcheck/internal/events/events.go:38.48,39.16 1 2
netcheck/internal/events/events.go:39.16,41.3 1 2
netcheck/internal/execx/execx.go:27.82,35.16 8 1
netcheck/internal/execx/execx.go:35.16,37.26 2 0
netcheck/internal/execx/execx.go:37.26,39.4 1 0
netcheck/internal/execx/execx.go:39.9,41.4 1 0
netcheck/internal/execx/execx.go:43.2,43.115 1 1
netcheck/internal/execx/execx.go:46.59,46.89 1 1
netcheck/internal/execx/execx.go:55.64,57.25 2 1
netcheck/internal/execx/execx.go:57.25,59.3 1 3
netcheck/internal/execx/execx.go:60.2,60.10 1 1
netcheck/internal/execx/execx.go:63.85,65.2 1 1
netcheck/internal/execx/execx.go:67.85,70.39 3 1
netcheck/internal/execx/execx.go:70.39,71.10 1 1
netcheck/internal/execx/execx.go:72.24,72.24 0 0
netcheck/internal/execx/execx.go:73.21,74.47 1 1
netcheck/internal/execx/execx.go:77.2,77.31 1 0
netcheck/internal/execx/execx.go:77.31,79.3 1 0
netcheck/internal/execx/execx.go:80.2,80.76 1 0
netcheck/internal/execx/execx.go:83.62,84.20 1 0
netcheck/internal/execx/execx.go:84.20,86.3 1 0
netcheck/internal/execx/execx.go:87.2,87.19 1 0
netcheck/internal/execx/execx.go:87.19,89.3 1 0
netcheck/internal/execx/execx.go:90.2,90.36 1 0
netcheck/internal/execx/execx.go:93.38,94.16 1 1
netcheck/internal/execx/execx.go:94.16,96.3 1 0
netcheck/internal/execx/execx.go:97.2,97.76 1 1
netcheck/cmd/netcheck/main.go:30.13,32.2 1 0
netcheck/cmd/netcheck/main.go:34.98,35.20 1 19
netcheck/cmd/netcheck/main.go:35.20,38.3 2 0
netcheck/cmd/netcheck/main.go:39.2,39.17 1 19
netcheck/cmd/netcheck/main.go:40.13,41.51 1 6
netcheck/cmd/netcheck/main.go:42.14,43.52 1 3
netcheck/cmd/netcheck/main.go:44.17,45.46 1 2
netcheck/cmd/netcheck/main.go:46.13,47.42 1 8
netcheck/cmd/netcheck/main.go:48.10,50.30 2 0
netcheck/cmd/netcheck/main.go:54.54,71.2 16 9
netcheck/cmd/netcheck/main.go:73.63,77.2 3 9
netcheck/cmd/netcheck/main.go:79.98,83.39 4 6
netcheck/cmd/netcheck/main.go:83.39,85.3 1 0
netcheck/cmd/netcheck/main.go:86.2,88.16 3 6
netcheck/cmd/netcheck/main.go:88.16,91.3 2 0
netcheck/cmd/netcheck/main.go:92.2,95.16 4 6
netcheck/cmd/netcheck/main.go:95.16,98.3 2 0
netcheck/cmd/netcheck/main.go:99.2,99.33 1 6
netcheck/cmd/netcheck/main.go:99.33,103.42 2 1
netcheck/cmd/netcheck/main.go:103.42,105.4 1 7
netcheck/cmd/netcheck/main.go:107.2,107.65 1 6
netcheck/cmd/netcheck/main.go:107.65,110.3 2 2
netcheck/cmd/netcheck/main.go:111.2,111.69 1 4
netcheck/cmd/netcheck/main.go:114.99,120.39 6 3
netcheck/cmd/netcheck/main.go:120.39,122.3 1 0
netcheck/cmd/netcheck/main.go:123.2,124.28 2 3
netcheck/cmd/netcheck/main.go:124.28,126.3 1 3
netcheck/cmd/netcheck/main.go:127.2,128.16 2 3
netcheck/cmd/netcheck/main.go:128.16,131.3 2 0
netcheck/cmd/netcheck/main.go:132.2,134.18 3 3
netcheck/cmd/netcheck/main.go:134.18,136.3 1 1
netcheck/cmd/netcheck/main.go:137.2,137.18 1 3
netcheck/cmd/netcheck/main.go:137.18,139.3 1 1
netcheck/cmd/netcheck/main.go:140.2,140.19 1 3
netcheck/cmd/netcheck/main.go:140.19,142.3 1 0
netcheck/cmd/netcheck/main.go:143.2,144.25 2 3
netcheck/cmd/netcheck/main.go:144.25,148.3 3 3
netcheck/cmd/netcheck/main.go:149.2,150.16 2 3
netcheck/cmd/netcheck/main.go:150.16,153.3 2 0
netcheck/cmd/netcheck/main.go:154.2,156.22 3 3
netcheck/cmd/netcheck/main.go:156.22,158.3 1 3
netcheck/cmd/netcheck/main.go:159.2,162.6 4 3
netcheck/cmd/netcheck/main.go:162.6,163.78 1 7
netcheck/cmd/netcheck/main.go:163.78,164.9 1 2
netcheck/cmd/netcheck/main.go:166.3,166.36 1 5
netcheck/cmd/netcheck/main.go:166.36,167.9 1 1
netcheck/cmd/netcheck/main.go:169.3,170.17 2 4
netcheck/cmd/netcheck/main.go:170.17,173.4 2 0
netcheck/cmd/netcheck/main.go:174.3,174.39 1 4
netcheck/cmd/netcheck/main.go:174.39,176.4 1 30
netcheck/cmd/netcheck/main.go:177.3,178.34 2 4
netcheck/cmd/netcheck/main.go:178.34,180.4 1 0
netcheck/cmd/netcheck/main.go:181.3,182.71 2 4
netcheck/cmd/netcheck/main.go:182.71,184.4 1 0
netcheck/cmd/netcheck/main.go:185.3,185.10 1 4
netcheck/cmd/netcheck/main.go:186.60,186.60 0 3
netcheck/cmd/netcheck/main.go:187.22,187.22 0 1
netcheck/cmd/netcheck/main.go:191.2,191.31 1 3
netcheck/cmd/netcheck/main.go:191.31,193.3 1 3
netcheck/cmd/netcheck/main.go:194.2,195.17 2 3
netcheck/cmd/netcheck/main.go:198.62,203.39 5 2
netcheck/cmd/netcheck/main.go:203.39,205.3 1 0
netcheck/cmd/netcheck/main.go:206.2,207.20 2 2
netcheck/cmd/netcheck/main.go:207.20,210.3 2 0
netcheck/cmd/netcheck/main.go:211.2,212.16 2 2
netcheck/cmd/netcheck/main.go:212.16,215.3 2 0
netcheck/cmd/netcheck/main.go:216.2,217.16 2 2
netcheck/cmd/netcheck/main.go:217.16,220.3 2 0
netcheck/cmd/netcheck/main.go:221.2,222.23 2 2
netcheck/cmd/netcheck/main.go:222.23,224.17 2 2
netcheck/cmd/netcheck/main.go:224.17,226.4 1 1
netcheck/cmd/netcheck/main.go:226.9,227.69 1 1
netcheck/cmd/netcheck/main.go:227.69,230.5 2 1
netcheck/cmd/netcheck/main.go:232.3,232.11 1 1
netcheck/cmd/netcheck/main.go:234.2,235.16 2 0
netcheck/cmd/netcheck/main.go:235.16,237.3 1 0
netcheck/cmd/netcheck/main.go:238.2,238.52 1 0
netcheck/cmd/netcheck/main.go:238.52,241.3 2 0
netcheck/cmd/netcheck/main.go:242.2,243.16 2 0
netcheck/cmd/netcheck/main.go:243.16,246.3 2 0
netcheck/cmd/netcheck/main.go:247.2,248.10 2 0
netcheck/cmd/netcheck/main.go:251.58,255.39 4 8
netcheck/cmd/netcheck/main.go:255.39,257.3 1 0
netcheck/cmd/netcheck/main.go:258.2,258.19 1 8
netcheck/cmd/netcheck/main.go:258.19,259.46 1 0
netcheck/cmd/netcheck/main.go:259.46,262.4 2 0
netcheck/cmd/netcheck/main.go:264.2,265.24 2 8
netcheck/cmd/netcheck/main.go:265.24,267.3 1 7
netcheck/cmd/netcheck/main.go:268.2,269.16 2 8
netcheck/cmd/netcheck/main.go:269.16,273.3 3 1
netcheck/cmd/netcheck/main.go:274.2,275.10 2 7
netcheck/cmd/netcheck/main.go:278.85,280.16 2 6
netcheck/cmd/netcheck/main.go:280.16,282.3 1 1
netcheck/cmd/netcheck/main.go:283.2,284.21 2 5
netcheck/cmd/netcheck/main.go:285.14,286.37 1 3
netcheck/cmd/netcheck/main.go:287.15,289.17 2 1
netcheck/cmd/netcheck/main.go:289.17,291.4 1 0
netcheck/cmd/netcheck/main.go:292.3,293.13 2 1
netcheck/cmd/netcheck/main.go:294.15,295.115 1 0
netcheck/cmd/netcheck/main.go:296.14,297.131 1 0
netcheck/cmd/netcheck/main.go:297.131,299.4 1 0
netcheck/cmd/netcheck/main.go:300.3,301.37 2 0
netcheck/cmd/netcheck/main.go:302.10,303.38 1 1
netcheck/cmd/netcheck/main.go:307.76,308.16 1 9
netcheck/cmd/netcheck/main.go:308.16,309.27 1 8
netcheck/cmd/netcheck/main.go:309.28,309.29 0 8
netcheck/cmd/netcheck/main.go:311.2,312.16 2 1
netcheck/cmd/netcheck/main.go:312.16,314.3 1 1
netcheck/cmd/netcheck/main.go:315.2,315.19 1 0
netcheck/cmd/netcheck/main.go:315.19,315.36 1 0
netcheck/cmd/netcheck/main.go:318.53,319.13 1 0
netcheck/cmd/netcheck/main.go:319.13,321.3 1 0
netcheck/cmd/netcheck/main.go:322.2,323.9 2 0
netcheck/cmd/netcheck/main.go:323.9,325.3 1 0
netcheck/cmd/netcheck/main.go:326.2,327.16 2 0
netcheck/cmd/netcheck/main.go:327.16,329.3 1 0
netcheck/cmd/netcheck/main.go:330.2,330.47 1 0
netcheck/cmd/netcheck/main.go:333.36,334.34 1 27
netcheck/cmd/netcheck/main.go:334.34,336.3 1 20
netcheck/cmd/netcheck/main.go:337.2,339.26 3 7
netcheck/cmd/netcheck/main.go:339.26,341.14 2 7
netcheck/cmd/netcheck/main.go:341.14,343.4 1 7
netcheck/cmd/netcheck/main.go:345.2,345.12 1 7
netcheck/cmd/netcheck/main.go:348.48,350.37 2 9
netcheck/cmd/netcheck/main.go:350.37,352.19 2 0
netcheck/cmd/netcheck/main.go:352.19,353.12 1 0
netcheck/cmd/netcheck/main.go:355.3,355.59 1 0
netcheck/cmd/netcheck/main.go:357.2,357.19 1 9
netcheck/cmd/netcheck/main.go:357.19,359.3 1 9
netcheck/cmd/netcheck/main.go:360.2,360.12 1 0
netcheck/internal/output/output.go:17.56,21.2 3 0
netcheck/internal/output/output.go:23.53,25.2 1 1
netcheck/internal/output/output.go:27.57,29.2 1 2
netcheck/internal/output/output.go:31.87,37.41 6 3
netcheck/internal/output/output.go:37.41,37.79 1 0
netcheck/internal/output/output.go:38.2,38.27 1 3
netcheck/internal/output/output.go:38.27,40.17 2 3
netcheck/internal/output/output.go:40.17,42.4 1 1
netcheck/internal/output/output.go:43.3,43.78 1 3
netcheck/internal/output/output.go:45.2,47.19 3 3
netcheck/internal/output/output.go:50.55,52.47 2 1
netcheck/internal/output/output.go:52.47,54.3 1 0
netcheck/internal/output/output.go:55.2,55.24 1 1
netcheck/internal/output/output.go:58.41,59.11 1 1
netcheck/internal/output/output.go:60.24,61.44 1 1
netcheck/internal/output/output.go:62.24,63.44 1 0
netcheck/internal/output/output.go:64.24,65.44 1 0
netcheck/internal/output/output.go:66.10,67.19 1 0
netcheck/internal/runner/runner.go:22.52,24.37 2 2
netcheck/internal/runner/runner.go:24.37,26.3 1 4
netcheck/internal/runner/runner.go:27.2,27.42 1 2
netcheck/internal/runner/runner.go:27.42,29.43 2 2
netcheck/internal/runner/runner.go:29.43,31.4 1 1
netcheck/internal/runner/runner.go:33.2,33.41 1 2
netcheck/internal/runner/runner.go:33.41,35.3 1 2
netcheck/internal/runner/runner.go:36.2,36.31 1 2
netcheck/internal/runner/runner.go:36.31,39.3 2 2
netcheck/internal/runner/runner.go:40.2,40.12 1 2
netcheck/internal/runner/runner.go:43.89,44.52 1 2
netcheck/internal/runner/runner.go:44.52,46.3 1 1
netcheck/internal/runner/runner.go:47.2,49.33 3 1
netcheck/internal/runner/runner.go:49.33,51.3 1 1
netcheck/internal/runner/runner.go:52.2,52.31 1 1
netcheck/internal/runner/runner.go:52.31,54.3 1 1
netcheck/internal/runner/runner.go:55.2,56.24 2 1
netcheck/internal/runner/runner.go:56.24,57.38 1 9
netcheck/internal/runner/runner.go:57.38,58.12 1 8
netcheck/internal/runner/runner.go:60.3,60.21 1 1
netcheck/internal/runner/runner.go:60.21,61.12 1 0
netcheck/internal/runner/runner.go:63.3,63.23 1 1
netcheck/internal/runner/runner.go:65.2,65.12 1 1
netcheck/internal/runner/runner.go:68.139,72.24 4 2
netcheck/internal/runner/runner.go:72.24,76.53 4 11
netcheck/internal/runner/runner.go:76.53,77.9 1 0
netcheck/internal/runner/runner.go:80.2,80.38 1 2
netcheck/internal/runner/runner.go:80.38,80.70 1 28
netcheck/internal/runner/runner.go:81.2,96.39 3 2
